EDA Netlist Writer report for menuProject
Mon Jun 24 23:40:21 2019
Quartus II 64-Bit Version 13.0.1 Build 232 06/12/2013 Service Pack 1 SJ Web Edition


---------------------
; Table of Contents ;
---------------------
  1. Legal Notice
  2. EDA Netlist Writer Summary
  3. EDA Netlist Writer Messages



----------------
; Legal Notice ;
----------------
Copyright (C) 1991-2013 Altera Corporation
Your use of Altera Corporation's design tools, logic functions 
and other software and tools, and its AMPP partner logic 
functions, and any output files from any of the foregoing 
(including device programming or simulation files), and any 
associated documentation or information are expressly subject 
to the terms and conditions of the Altera Program License 
Subscription Agreement, Altera MegaCore Function License 
Agreement, or other applicable license agreement, including, 
without limitation, that your use is for the sole purpose of 
programming logic devices manufactured by Altera and sold by 
Altera or its authorized distributors.  Please refer to the 
applicable agreement for further details.



+----------------------------------------------------------------------------------+
; EDA Netlist Writer Summary                                                       ;
+---------------------------+------------------------------------------------------+
; EDA Netlist Writer Status ; No Output Files Generated - Mon Jun 24 23:40:21 2019 ;
; Revision Name             ; menuProject                                          ;
; Top-level Entity Name     ; lcd_controller                                       ;
; Family                    ; Cyclone IV E                                         ;
+---------------------------+------------------------------------------------------+


+-----------------------------+
; EDA Netlist Writer Messages ;
+-----------------------------+
Info: *******************************************************************
Info: Running Quartus II 64-Bit EDA Netlist Writer
    Info: Version 13.0.1 Build 232 06/12/2013 Service Pack 1 SJ Web Edition
    Info: Processing started: Mon Jun 24 23:40:20 2019
Info: Command: quartus_eda --read_settings_files=on --write_settings_files=off menuProject -c menuProject
Warning (20013): Ignored assignments for entity "altera_avalon_sc_fifo" -- entity does not exist in design
    Warning (20014): Assignment for entity set_global_assignment -name IP_TOOL_NAME altera_avalon_sc_fifo -entity altera_avalon_sc_fifo -qip project1/synthesis/project1.qip -library project1 was ignored
    Warning (20014): Assignment for entity set_global_assignment -name IP_TOOL_VERSION 13.0 -entity altera_avalon_sc_fifo -qip project1/synthesis/project1.qip -library project1 was ignored
    Warning (20014): Assignment for entity set_global_assignment -name IP_TOOL_ENV Qsys -entity altera_avalon_sc_fifo -qip project1/synthesis/project1.qip -library project1 was ignored
Warning (20013): Ignored assignments for entity "altera_customins_master_translator" -- entity does not exist in design
    Warning (20014): Assignment for entity set_global_assignment -name IP_TOOL_NAME altera_customins_master_translator -entity altera_customins_master_translator -qip project1/synthesis/project1.qip -library project1 was ignored
    Warning (20014): Assignment for entity set_global_assignment -name IP_TOOL_VERSION 13.0 -entity altera_customins_master_translator -qip project1/synthesis/project1.qip -library project1 was ignored
    Warning (20014): Assignment for entity set_global_assignment -name IP_TOOL_ENV Qsys -entity altera_customins_master_translator -qip project1/synthesis/project1.qip -library project1 was ignored
Warning (20013): Ignored assignments for entity "altera_customins_slave_translator" -- entity does not exist in design
    Warning (20014): Assignment for entity set_global_assignment -name IP_TOOL_NAME altera_customins_slave_translator -entity altera_customins_slave_translator -qip project1/synthesis/project1.qip -library project1 was ignored
    Warning (20014): Assignment for entity set_global_assignment -name IP_TOOL_VERSION 13.0 -entity altera_customins_slave_translator -qip project1/synthesis/project1.qip -library project1 was ignored
    Warning (20014): Assignment for entity set_global_assignment -name IP_TOOL_ENV Qsys -entity altera_customins_slave_translator -qip project1/synthesis/project1.qip -library project1 was ignored
Warning (20013): Ignored assignments for entity "altera_merlin_master_agent" -- entity does not exist in design
    Warning (20014): Assignment for entity set_global_assignment -name IP_TOOL_NAME altera_merlin_master_agent -entity altera_merlin_master_agent -qip project1/synthesis/project1.qip -library project1 was ignored
    Warning (20014): Assignment for entity set_global_assignment -name IP_TOOL_VERSION 13.0 -entity altera_merlin_master_agent -qip project1/synthesis/project1.qip -library project1 was ignored
    Warning (20014): Assignment for entity set_global_assignment -name IP_TOOL_ENV Qsys -entity altera_merlin_master_agent -qip project1/synthesis/project1.qip -library project1 was ignored
Warning (20013): Ignored assignments for entity "altera_merlin_master_translator" -- entity does not exist in design
    Warning (20014): Assignment for entity set_global_assignment -name IP_TOOL_NAME altera_merlin_master_translator -entity altera_merlin_master_translator -qip project1/synthesis/project1.qip -library project1 was ignored
    Warning (20014): Assignment for entity set_global_assignment -name IP_TOOL_VERSION 13.0 -entity altera_merlin_master_translator -qip project1/synthesis/project1.qip -library project1 was ignored
    Warning (20014): Assignment for entity set_global_assignment -name IP_TOOL_ENV Qsys -entity altera_merlin_master_translator -qip project1/synthesis/project1.qip -library project1 was ignored
Warning (20013): Ignored assignments for entity "altera_merlin_slave_agent" -- entity does not exist in design
    Warning (20014): Assignment for entity set_global_assignment -name IP_TOOL_NAME altera_merlin_slave_agent -entity altera_merlin_slave_agent -qip project1/synthesis/project1.qip -library project1 was ignored
    Warning (20014): Assignment for entity set_global_assignment -name IP_TOOL_VERSION 13.0 -entity altera_merlin_slave_agent -qip project1/synthesis/project1.qip -library project1 was ignored
    Warning (20014): Assignment for entity set_global_assignment -name IP_TOOL_ENV Qsys -entity altera_merlin_slave_agent -qip project1/synthesis/project1.qip -library project1 was ignored
Warning (20013): Ignored assignments for entity "altera_merlin_slave_translator" -- entity does not exist in design
    Warning (20014): Assignment for entity set_global_assignment -name IP_TOOL_NAME altera_merlin_slave_translator -entity altera_merlin_slave_translator -qip project1/synthesis/project1.qip -library project1 was ignored
    Warning (20014): Assignment for entity set_global_assignment -name IP_TOOL_VERSION 13.0 -entity altera_merlin_slave_translator -qip project1/synthesis/project1.qip -library project1 was ignored
    Warning (20014): Assignment for entity set_global_assignment -name IP_TOOL_ENV Qsys -entity altera_merlin_slave_translator -qip project1/synthesis/project1.qip -library project1 was ignored
Warning (20013): Ignored assignments for entity "altera_reset_controller" -- entity does not exist in design
    Warning (20014): Assignment for entity set_global_assignment -name IP_TOOL_NAME altera_reset_controller -entity altera_reset_controller -qip project1/synthesis/project1.qip -library project1 was ignored
    Warning (20014): Assignment for entity set_global_assignment -name IP_TOOL_VERSION 13.0 -entity altera_reset_controller -qip project1/synthesis/project1.qip -library project1 was ignored
    Warning (20014): Assignment for entity set_global_assignment -name IP_TOOL_ENV Qsys -entity altera_reset_controller -qip project1/synthesis/project1.qip -library project1 was ignored
Warning (20013): Ignored assignments for entity "project1" -- entity does not exist in design
    Warning (20014): Assignment for entity set_global_assignment -name IP_TOOL_NAME Qsys -entity project1 -qip project1/synthesis/project1.qip -library project1 was ignored
    Warning (20014): Assignment for entity set_global_assignment -name IP_TOOL_VERSION 13.0sp1 -entity project1 -qip project1/synthesis/project1.qip -library project1 was ignored
    Warning (20014): Assignment for entity set_global_assignment -name IP_TOOL_ENV Qsys -entity project1 -qip project1/synthesis/project1.qip -library project1 was ignored
    Warning (20014): Assignment for entity set_global_assignment -name SLD_INFO "QSYS_NAME project1 HAS_SOPCINFO 1 GENERATION_ID 1555503076" -entity project1 -qip project1/synthesis/project1.qip -library project1 was ignored
Warning (20013): Ignored assignments for entity "project1_addr_router" -- entity does not exist in design
    Warning (20014): Assignment for entity set_global_assignment -name IP_TOOL_NAME altera_merlin_router -entity project1_addr_router -qip project1/synthesis/project1.qip -library project1 was ignored
    Warning (20014): Assignment for entity set_global_assignment -name IP_TOOL_VERSION 13.0 -entity project1_addr_router -qip project1/synthesis/project1.qip -library project1 was ignored
    Warning (20014): Assignment for entity set_global_assignment -name IP_TOOL_ENV Qsys -entity project1_addr_router -qip project1/synthesis/project1.qip -library project1 was ignored
Warning (20013): Ignored assignments for entity "project1_buttons" -- entity does not exist in design
    Warning (20014): Assignment for entity set_global_assignment -name IP_TOOL_NAME altera_avalon_pio -entity project1_buttons -qip project1/synthesis/project1.qip -library project1 was ignored
    Warning (20014): Assignment for entity set_global_assignment -name IP_TOOL_VERSION 13.0.1.99.2 -entity project1_buttons -qip project1/synthesis/project1.qip -library project1 was ignored
    Warning (20014): Assignment for entity set_global_assignment -name IP_TOOL_ENV Qsys -entity project1_buttons -qip project1/synthesis/project1.qip -library project1 was ignored
Warning (20013): Ignored assignments for entity "project1_cmd_xbar_demux" -- entity does not exist in design
    Warning (20014): Assignment for entity set_global_assignment -name IP_TOOL_NAME altera_merlin_demultiplexer -entity project1_cmd_xbar_demux -qip project1/synthesis/project1.qip -library project1 was ignored
    Warning (20014): Assignment for entity set_global_assignment -name IP_TOOL_VERSION 13.0 -entity project1_cmd_xbar_demux -qip project1/synthesis/project1.qip -library project1 was ignored
    Warning (20014): Assignment for entity set_global_assignment -name IP_TOOL_ENV Qsys -entity project1_cmd_xbar_demux -qip project1/synthesis/project1.qip -library project1 was ignored
Warning (20013): Ignored assignments for entity "project1_cmd_xbar_mux" -- entity does not exist in design
    Warning (20014): Assignment for entity set_global_assignment -name IP_TOOL_NAME altera_merlin_multiplexer -entity project1_cmd_xbar_mux -qip project1/synthesis/project1.qip -library project1 was ignored
    Warning (20014): Assignment for entity set_global_assignment -name IP_TOOL_VERSION 13.0 -entity project1_cmd_xbar_mux -qip project1/synthesis/project1.qip -library project1 was ignored
    Warning (20014): Assignment for entity set_global_assignment -name IP_TOOL_ENV Qsys -entity project1_cmd_xbar_mux -qip project1/synthesis/project1.qip -library project1 was ignored
Warning (20013): Ignored assignments for entity "project1_id_router" -- entity does not exist in design
    Warning (20014): Assignment for entity set_global_assignment -name IP_TOOL_NAME altera_merlin_router -entity project1_id_router -qip project1/synthesis/project1.qip -library project1 was ignored
    Warning (20014): Assignment for entity set_global_assignment -name IP_TOOL_VERSION 13.0 -entity project1_id_router -qip project1/synthesis/project1.qip -library project1 was ignored
    Warning (20014): Assignment for entity set_global_assignment -name IP_TOOL_ENV Qsys -entity project1_id_router -qip project1/synthesis/project1.qip -library project1 was ignored
Warning (20013): Ignored assignments for entity "project1_irq_mapper" -- entity does not exist in design
    Warning (20014): Assignment for entity set_global_assignment -name IP_TOOL_NAME altera_irq_mapper -entity project1_irq_mapper -qip project1/synthesis/project1.qip -library project1 was ignored
    Warning (20014): Assignment for entity set_global_assignment -name IP_TOOL_VERSION 13.0 -entity project1_irq_mapper -qip project1/synthesis/project1.qip -library project1 was ignored
    Warning (20014): Assignment for entity set_global_assignment -name IP_TOOL_ENV Qsys -entity project1_irq_mapper -qip project1/synthesis/project1.qip -library project1 was ignored
Warning (20013): Ignored assignments for entity "project1_jtag_uart_0" -- entity does not exist in design
    Warning (20014): Assignment for entity set_global_assignment -name IP_TOOL_NAME altera_avalon_jtag_uart -entity project1_jtag_uart_0 -qip project1/synthesis/project1.qip -library project1 was ignored
    Warning (20014): Assignment for entity set_global_assignment -name IP_TOOL_VERSION 13.0.1.99.2 -entity project1_jtag_uart_0 -qip project1/synthesis/project1.qip -library project1 was ignored
    Warning (20014): Assignment for entity set_global_assignment -name IP_TOOL_ENV Qsys -entity project1_jtag_uart_0 -qip project1/synthesis/project1.qip -library project1 was ignored
Warning (20013): Ignored assignments for entity "project1_leds_column" -- entity does not exist in design
    Warning (20014): Assignment for entity set_global_assignment -name IP_TOOL_NAME altera_avalon_pio -entity project1_leds_column -qip project1/synthesis/project1.qip -library project1 was ignored
    Warning (20014): Assignment for entity set_global_assignment -name IP_TOOL_VERSION 13.0.1.99.2 -entity project1_leds_column -qip project1/synthesis/project1.qip -library project1 was ignored
    Warning (20014): Assignment for entity set_global_assignment -name IP_TOOL_ENV Qsys -entity project1_leds_column -qip project1/synthesis/project1.qip -library project1 was ignored
Warning (20013): Ignored assignments for entity "project1_leds_line" -- entity does not exist in design
    Warning (20014): Assignment for entity set_global_assignment -name IP_TOOL_NAME altera_avalon_pio -entity project1_leds_line -qip project1/synthesis/project1.qip -library project1 was ignored
    Warning (20014): Assignment for entity set_global_assignment -name IP_TOOL_VERSION 13.0.1.99.2 -entity project1_leds_line -qip project1/synthesis/project1.qip -library project1 was ignored
    Warning (20014): Assignment for entity set_global_assignment -name IP_TOOL_ENV Qsys -entity project1_leds_line -qip project1/synthesis/project1.qip -library project1 was ignored
Warning (20013): Ignored assignments for entity "project1_nios2_qsys_0" -- entity does not exist in design
    Warning (20014): Assignment for entity set_global_assignment -name IP_TOOL_NAME altera_nios2_qsys -entity project1_nios2_qsys_0 -qip project1/synthesis/project1.qip -library project1 was ignored
    Warning (20014): Assignment for entity set_global_assignment -name IP_TOOL_VERSION 13.0 -entity project1_nios2_qsys_0 -qip project1/synthesis/project1.qip -library project1 was ignored
    Warning (20014): Assignment for entity set_global_assignment -name IP_TOOL_ENV Qsys -entity project1_nios2_qsys_0 -qip project1/synthesis/project1.qip -library project1 was ignored
Warning (20013): Ignored assignments for entity "project1_nios2_qsys_0_custom_instruction_master_multi_xconnect" -- entity does not exist in design
    Warning (20014): Assignment for entity set_global_assignment -name IP_TOOL_NAME altera_customins_xconnect -entity project1_nios2_qsys_0_custom_instruction_master_multi_xconnect -qip project1/synthesis/project1.qip -library project1 was ignored
    Warning (20014): Assignment for entity set_global_assignment -name IP_TOOL_VERSION 13.0 -entity project1_nios2_qsys_0_custom_instruction_master_multi_xconnect -qip project1/synthesis/project1.qip -library project1 was ignored
    Warning (20014): Assignment for entity set_global_assignment -name IP_TOOL_ENV Qsys -entity project1_nios2_qsys_0_custom_instruction_master_multi_xconnect -qip project1/synthesis/project1.qip -library project1 was ignored
Warning (20013): Ignored assignments for entity "project1_onchip_memory2_0" -- entity does not exist in design
    Warning (20014): Assignment for entity set_global_assignment -name IP_TOOL_NAME altera_avalon_onchip_memory2 -entity project1_onchip_memory2_0 -qip project1/synthesis/project1.qip -library project1 was ignored
    Warning (20014): Assignment for entity set_global_assignment -name IP_TOOL_VERSION 13.0.1.99.2 -entity project1_onchip_memory2_0 -qip project1/synthesis/project1.qip -library project1 was ignored
    Warning (20014): Assignment for entity set_global_assignment -name IP_TOOL_ENV Qsys -entity project1_onchip_memory2_0 -qip project1/synthesis/project1.qip -library project1 was ignored
Warning (20013): Ignored assignments for entity "project1_rsp_xbar_demux" -- entity does not exist in design
    Warning (20014): Assignment for entity set_global_assignment -name IP_TOOL_NAME altera_merlin_demultiplexer -entity project1_rsp_xbar_demux -qip project1/synthesis/project1.qip -library project1 was ignored
    Warning (20014): Assignment for entity set_global_assignment -name IP_TOOL_VERSION 13.0 -entity project1_rsp_xbar_demux -qip project1/synthesis/project1.qip -library project1 was ignored
    Warning (20014): Assignment for entity set_global_assignment -name IP_TOOL_ENV Qsys -entity project1_rsp_xbar_demux -qip project1/synthesis/project1.qip -library project1 was ignored
Warning (20013): Ignored assignments for entity "project1_rsp_xbar_mux" -- entity does not exist in design
    Warning (20014): Assignment for entity set_global_assignment -name IP_TOOL_NAME altera_merlin_multiplexer -entity project1_rsp_xbar_mux -qip project1/synthesis/project1.qip -library project1 was ignored
    Warning (20014): Assignment for entity set_global_assignment -name IP_TOOL_VERSION 13.0 -entity project1_rsp_xbar_mux -qip project1/synthesis/project1.qip -library project1 was ignored
    Warning (20014): Assignment for entity set_global_assignment -name IP_TOOL_ENV Qsys -entity project1_rsp_xbar_mux -qip project1/synthesis/project1.qip -library project1 was ignored
Warning (199027): Can't generate output files. Specify command-line options to generate output files, or update EDA tool settings using GUI or Tcl script.
Info: Quartus II 64-Bit EDA Netlist Writer was successful. 0 errors, 94 warnings
    Info: Peak virtual memory: 4550 megabytes
    Info: Processing ended: Mon Jun 24 23:40:21 2019
    Info: Elapsed time: 00:00:01
    Info: Total CPU time (on all processors): 00:00:01


