Flow report for menuProject
Wed Jul 03 09:53:01 2019
Quartus II 64-Bit Version 13.0.1 Build 232 06/12/2013 Service Pack 1 SJ Web Edition


---------------------
; Table of Contents ;
---------------------
  1. Legal Notice
  2. Flow Summary
  3. Flow Settings
  4. Flow Non-Default Global Settings
  5. Flow Elapsed Time
  6. Flow OS Summary
  7. Flow Log
  8. Flow Messages
  9. Flow Suppressed Messages



----------------
; Legal Notice ;
----------------
Copyright (C) 1991-2013 Altera Corporation
Your use of Altera Corporation's design tools, logic functions 
and other software and tools, and its AMPP partner logic 
functions, and any output files from any of the foregoing 
(including device programming or simulation files), and any 
associated documentation or information are expressly subject 
to the terms and conditions of the Altera Program License 
Subscription Agreement, Altera MegaCore Function License 
Agreement, or other applicable license agreement, including, 
without limitation, that your use is for the sole purpose of 
programming logic devices manufactured by Altera and sold by 
Altera or its authorized distributors.  Please refer to the 
applicable agreement for further details.



+--------------------------------------------------------------------------------------+
; Flow Summary                                                                         ;
+------------------------------------+-------------------------------------------------+
; Flow Status                        ; Successful - Wed Jul 03 09:52:51 2019           ;
; Quartus II 64-Bit Version          ; 13.0.1 Build 232 06/12/2013 SP 1 SJ Web Edition ;
; Revision Name                      ; menuProject                                     ;
; Top-level Entity Name              ; project1                                        ;
; Family                             ; Cyclone IV E                                    ;
; Device                             ; EP4CE30F23C7                                    ;
; Timing Models                      ; Final                                           ;
; Total logic elements               ; 1,806 / 28,848 ( 6 % )                          ;
;     Total combinational functions  ; 1,698 / 28,848 ( 6 % )                          ;
;     Dedicated logic registers      ; 983 / 28,848 ( 3 % )                            ;
; Total registers                    ; 983                                             ;
; Total pins                         ; 30 / 329 ( 9 % )                                ;
; Total virtual pins                 ; 0                                               ;
; Total memory bits                  ; 44,032 / 608,256 ( 7 % )                        ;
; Embedded Multiplier 9-bit elements ; 0 / 132 ( 0 % )                                 ;
; Total PLLs                         ; 0 / 4 ( 0 % )                                   ;
+------------------------------------+-------------------------------------------------+


+-----------------------------------------+
; Flow Settings                           ;
+-------------------+---------------------+
; Option            ; Setting             ;
+-------------------+---------------------+
; Start date & time ; 07/03/2019 09:51:46 ;
; Main task         ; Compilation         ;
; Revision Name     ; menuProject         ;
+-------------------+---------------------+


+------------------------------------------------------------------------------------------------------------------------------------------------------------------------------------------------+
; Flow Non-Default Global Settings                                                                                                                                                               ;
+-------------------------------------+------------------------------------------------------------+---------------+----------------------------------------------------------------+------------+
; Assignment Name                     ; Value                                                      ; Default Value ; Entity Name                                                    ; Section Id ;
+-------------------------------------+------------------------------------------------------------+---------------+----------------------------------------------------------------+------------+
; COMPILER_SIGNATURE_ID               ; 167690714103691.156215830613772                            ; --            ; --                                                             ; --         ;
; IP_TOOL_ENV                         ; Qsys                                                       ; --            ; altera_avalon_sc_fifo                                          ; --         ;
; IP_TOOL_ENV                         ; Qsys                                                       ; --            ; altera_customins_master_translator                             ; --         ;
; IP_TOOL_ENV                         ; Qsys                                                       ; --            ; altera_customins_slave_translator                              ; --         ;
; IP_TOOL_ENV                         ; Qsys                                                       ; --            ; altera_merlin_master_agent                                     ; --         ;
; IP_TOOL_ENV                         ; Qsys                                                       ; --            ; altera_merlin_master_translator                                ; --         ;
; IP_TOOL_ENV                         ; Qsys                                                       ; --            ; altera_merlin_slave_agent                                      ; --         ;
; IP_TOOL_ENV                         ; Qsys                                                       ; --            ; altera_merlin_slave_translator                                 ; --         ;
; IP_TOOL_ENV                         ; Qsys                                                       ; --            ; altera_reset_controller                                        ; --         ;
; IP_TOOL_ENV                         ; Qsys                                                       ; --            ; project1                                                       ; --         ;
; IP_TOOL_ENV                         ; Qsys                                                       ; --            ; project1_addr_router                                           ; --         ;
; IP_TOOL_ENV                         ; Qsys                                                       ; --            ; project1_buttons                                               ; --         ;
; IP_TOOL_ENV                         ; Qsys                                                       ; --            ; project1_cmd_xbar_demux                                        ; --         ;
; IP_TOOL_ENV                         ; Qsys                                                       ; --            ; project1_cmd_xbar_mux                                          ; --         ;
; IP_TOOL_ENV                         ; Qsys                                                       ; --            ; project1_id_router                                             ; --         ;
; IP_TOOL_ENV                         ; Qsys                                                       ; --            ; project1_irq_mapper                                            ; --         ;
; IP_TOOL_ENV                         ; Qsys                                                       ; --            ; project1_jtag_uart_0                                           ; --         ;
; IP_TOOL_ENV                         ; Qsys                                                       ; --            ; project1_leds_column                                           ; --         ;
; IP_TOOL_ENV                         ; Qsys                                                       ; --            ; project1_leds_line                                             ; --         ;
; IP_TOOL_ENV                         ; Qsys                                                       ; --            ; project1_nios2_qsys_0                                          ; --         ;
; IP_TOOL_ENV                         ; Qsys                                                       ; --            ; project1_nios2_qsys_0_custom_instruction_master_multi_xconnect ; --         ;
; IP_TOOL_ENV                         ; Qsys                                                       ; --            ; project1_onchip_memory2_0                                      ; --         ;
; IP_TOOL_ENV                         ; Qsys                                                       ; --            ; project1_rsp_xbar_demux                                        ; --         ;
; IP_TOOL_ENV                         ; Qsys                                                       ; --            ; project1_rsp_xbar_mux                                          ; --         ;
; IP_TOOL_NAME                        ; altera_avalon_sc_fifo                                      ; --            ; altera_avalon_sc_fifo                                          ; --         ;
; IP_TOOL_NAME                        ; altera_customins_master_translator                         ; --            ; altera_customins_master_translator                             ; --         ;
; IP_TOOL_NAME                        ; altera_customins_slave_translator                          ; --            ; altera_customins_slave_translator                              ; --         ;
; IP_TOOL_NAME                        ; altera_merlin_master_agent                                 ; --            ; altera_merlin_master_agent                                     ; --         ;
; IP_TOOL_NAME                        ; altera_merlin_master_translator                            ; --            ; altera_merlin_master_translator                                ; --         ;
; IP_TOOL_NAME                        ; altera_merlin_slave_agent                                  ; --            ; altera_merlin_slave_agent                                      ; --         ;
; IP_TOOL_NAME                        ; altera_merlin_slave_translator                             ; --            ; altera_merlin_slave_translator                                 ; --         ;
; IP_TOOL_NAME                        ; altera_reset_controller                                    ; --            ; altera_reset_controller                                        ; --         ;
; IP_TOOL_NAME                        ; Qsys                                                       ; --            ; project1                                                       ; --         ;
; IP_TOOL_NAME                        ; altera_merlin_router                                       ; --            ; project1_addr_router                                           ; --         ;
; IP_TOOL_NAME                        ; altera_avalon_pio                                          ; --            ; project1_buttons                                               ; --         ;
; IP_TOOL_NAME                        ; altera_merlin_demultiplexer                                ; --            ; project1_cmd_xbar_demux                                        ; --         ;
; IP_TOOL_NAME                        ; altera_merlin_multiplexer                                  ; --            ; project1_cmd_xbar_mux                                          ; --         ;
; IP_TOOL_NAME                        ; altera_merlin_router                                       ; --            ; project1_id_router                                             ; --         ;
; IP_TOOL_NAME                        ; altera_irq_mapper                                          ; --            ; project1_irq_mapper                                            ; --         ;
; IP_TOOL_NAME                        ; altera_avalon_jtag_uart                                    ; --            ; project1_jtag_uart_0                                           ; --         ;
; IP_TOOL_NAME                        ; altera_avalon_pio                                          ; --            ; project1_leds_column                                           ; --         ;
; IP_TOOL_NAME                        ; altera_avalon_pio                                          ; --            ; project1_leds_line                                             ; --         ;
; IP_TOOL_NAME                        ; altera_nios2_qsys                                          ; --            ; project1_nios2_qsys_0                                          ; --         ;
; IP_TOOL_NAME                        ; altera_customins_xconnect                                  ; --            ; project1_nios2_qsys_0_custom_instruction_master_multi_xconnect ; --         ;
; IP_TOOL_NAME                        ; altera_avalon_onchip_memory2                               ; --            ; project1_onchip_memory2_0                                      ; --         ;
; IP_TOOL_NAME                        ; altera_merlin_demultiplexer                                ; --            ; project1_rsp_xbar_demux                                        ; --         ;
; IP_TOOL_NAME                        ; altera_merlin_multiplexer                                  ; --            ; project1_rsp_xbar_mux                                          ; --         ;
; IP_TOOL_VERSION                     ; 13.0                                                       ; --            ; altera_avalon_sc_fifo                                          ; --         ;
; IP_TOOL_VERSION                     ; 13.0                                                       ; --            ; altera_customins_master_translator                             ; --         ;
; IP_TOOL_VERSION                     ; 13.0                                                       ; --            ; altera_customins_slave_translator                              ; --         ;
; IP_TOOL_VERSION                     ; 13.0                                                       ; --            ; altera_merlin_master_agent                                     ; --         ;
; IP_TOOL_VERSION                     ; 13.0                                                       ; --            ; altera_merlin_master_translator                                ; --         ;
; IP_TOOL_VERSION                     ; 13.0                                                       ; --            ; altera_merlin_slave_agent                                      ; --         ;
; IP_TOOL_VERSION                     ; 13.0                                                       ; --            ; altera_merlin_slave_translator                                 ; --         ;
; IP_TOOL_VERSION                     ; 13.0                                                       ; --            ; altera_reset_controller                                        ; --         ;
; IP_TOOL_VERSION                     ; 13.0sp1                                                    ; --            ; project1                                                       ; --         ;
; IP_TOOL_VERSION                     ; 13.0                                                       ; --            ; project1_addr_router                                           ; --         ;
; IP_TOOL_VERSION                     ; 13.0.1.99.2                                                ; --            ; project1_buttons                                               ; --         ;
; IP_TOOL_VERSION                     ; 13.0                                                       ; --            ; project1_cmd_xbar_demux                                        ; --         ;
; IP_TOOL_VERSION                     ; 13.0                                                       ; --            ; project1_cmd_xbar_mux                                          ; --         ;
; IP_TOOL_VERSION                     ; 13.0                                                       ; --            ; project1_id_router                                             ; --         ;
; IP_TOOL_VERSION                     ; 13.0                                                       ; --            ; project1_irq_mapper                                            ; --         ;
; IP_TOOL_VERSION                     ; 13.0.1.99.2                                                ; --            ; project1_jtag_uart_0                                           ; --         ;
; IP_TOOL_VERSION                     ; 13.0.1.99.2                                                ; --            ; project1_leds_column                                           ; --         ;
; IP_TOOL_VERSION                     ; 13.0.1.99.2                                                ; --            ; project1_leds_line                                             ; --         ;
; IP_TOOL_VERSION                     ; 13.0                                                       ; --            ; project1_nios2_qsys_0                                          ; --         ;
; IP_TOOL_VERSION                     ; 13.0                                                       ; --            ; project1_nios2_qsys_0_custom_instruction_master_multi_xconnect ; --         ;
; IP_TOOL_VERSION                     ; 13.0.1.99.2                                                ; --            ; project1_onchip_memory2_0                                      ; --         ;
; IP_TOOL_VERSION                     ; 13.0                                                       ; --            ; project1_rsp_xbar_demux                                        ; --         ;
; IP_TOOL_VERSION                     ; 13.0                                                       ; --            ; project1_rsp_xbar_mux                                          ; --         ;
; MAX_CORE_JUNCTION_TEMP              ; 85                                                         ; --            ; --                                                             ; --         ;
; MIN_CORE_JUNCTION_TEMP              ; 0                                                          ; --            ; --                                                             ; --         ;
; MISC_FILE                           ; project1/synthesis/../../project1.cmp                      ; --            ; --                                                             ; --         ;
; MISC_FILE                           ; project1/synthesis/../../project1.qsys                     ; --            ; --                                                             ; --         ;
; PARTITION_COLOR                     ; 16764057                                                   ; --            ; project1                                                       ; Top        ;
; PARTITION_FITTER_PRESERVATION_LEVEL ; PLACEMENT_AND_ROUTING                                      ; --            ; project1                                                       ; Top        ;
; PARTITION_NETLIST_TYPE              ; SOURCE                                                     ; --            ; project1                                                       ; Top        ;
; POWER_BOARD_THERMAL_MODEL           ; None (CONSERVATIVE)                                        ; --            ; --                                                             ; --         ;
; POWER_PRESET_COOLING_SOLUTION       ; 23 MM HEAT SINK WITH 200 LFPM AIRFLOW                      ; --            ; --                                                             ; --         ;
; PROJECT_OUTPUT_DIRECTORY            ; output_files                                               ; --            ; --                                                             ; --         ;
; SLD_INFO                            ; QSYS_NAME project1 HAS_SOPCINFO 1 GENERATION_ID 1555503076 ; --            ; project1                                                       ; --         ;
; SOPCINFO_FILE                       ; project1/synthesis/../../project1.sopcinfo                 ; --            ; --                                                             ; --         ;
; SYNTHESIS_ONLY_QIP                  ; On                                                         ; --            ; --                                                             ; --         ;
; TOP_LEVEL_ENTITY                    ; project1                                                   ; menuProject   ; --                                                             ; --         ;
+-------------------------------------+------------------------------------------------------------+---------------+----------------------------------------------------------------+------------+


+-------------------------------------------------------------------------------------------------------------------------------+
; Flow Elapsed Time                                                                                                             ;
+---------------------------+--------------+-------------------------+---------------------+------------------------------------+
; Module Name               ; Elapsed Time ; Average Processors Used ; Peak Virtual Memory ; Total CPU Time (on all processors) ;
+---------------------------+--------------+-------------------------+---------------------+------------------------------------+
; Analysis & Synthesis      ; 00:00:21     ; 1.0                     ; 4742 MB             ; 00:00:16                           ;
; Fitter                    ; 00:00:31     ; 1.2                     ; 5221 MB             ; 00:00:32                           ;
; Assembler                 ; 00:00:06     ; 1.0                     ; 4605 MB             ; 00:00:05                           ;
; TimeQuest Timing Analyzer ; 00:00:08     ; 1.0                     ; 4703 MB             ; 00:00:07                           ;
; Total                     ; 00:01:06     ; --                      ; --                  ; 00:01:00                           ;
+---------------------------+--------------+-------------------------+---------------------+------------------------------------+


+----------------------------------------------------------------------------------------+
; Flow OS Summary                                                                        ;
+---------------------------+------------------+-----------+------------+----------------+
; Module Name               ; Machine Hostname ; OS Name   ; OS Version ; Processor type ;
+---------------------------+------------------+-----------+------------+----------------+
; Analysis & Synthesis      ; DESKTOP-KJDD7TF  ; Windows 7 ; 6.2        ; x86_64         ;
; Fitter                    ; DESKTOP-KJDD7TF  ; Windows 7 ; 6.2        ; x86_64         ;
; Assembler                 ; DESKTOP-KJDD7TF  ; Windows 7 ; 6.2        ; x86_64         ;
; TimeQuest Timing Analyzer ; DESKTOP-KJDD7TF  ; Windows 7 ; 6.2        ; x86_64         ;
+---------------------------+------------------+-----------+------------+----------------+


------------
; Flow Log ;
------------
quartus_map --read_settings_files=on --write_settings_files=off menuProject -c menuProject
quartus_fit --read_settings_files=off --write_settings_files=off menuProject -c menuProject
quartus_asm --read_settings_files=off --write_settings_files=off menuProject -c menuProject
quartus_sta menuProject -c menuProject



